  FastDPM.cpp
d:\opencv2413\opencv\build\include\opencv2\flann\logger.h(66): warning C4996: 'fopen': This function or variable may be unsafe. Consider using fopen_s instead. To disable deprecation, use _CRT_SECURE_NO_WARNINGS. See online help for details.
          D:\Program Files (x86)\Microsoft Visual Studio 12.0\VC\include\stdio.h(211) : 参见“fopen”的声明
d:\fastdpm-2015-nov\fastdpm-2014-may\FastDPM.h(14): warning C4251: “FastDPM::detections”: class“std::vector<PM_type::FLOATS_7,std::allocator<_Ty>>”需要有 dll 接口由 class“FastDPM”的客户端使用
          with
          [
              _Ty=PM_type::FLOATS_7
          ]
d:\fastdpm-2015-nov\fastdpm-2014-may\FastDPM.h(28): warning C4251: “FastDPM::img_color”: class“cv::Mat”需要有 dll 接口由 class“FastDPM”的客户端使用
          D:\opencv2413\opencv\build\include\opencv2/core/core.hpp(1709) : 参见“cv::Mat”的声明
  loadPyramid.cpp
d:\opencv2413\opencv\build\include\opencv2\flann\logger.h(66): warning C4996: 'fopen': This function or variable may be unsafe. Consider using fopen_s instead. To disable deprecation, use _CRT_SECURE_NO_WARNINGS. See online help for details.
          D:\Program Files (x86)\Microsoft Visual Studio 12.0\VC\include\stdio.h(211) : 参见“fopen”的声明
  main.cpp
d:\opencv2413\opencv\build\include\opencv2\flann\logger.h(66): warning C4996: 'fopen': This function or variable may be unsafe. Consider using fopen_s instead. To disable deprecation, use _CRT_SECURE_NO_WARNINGS. See online help for details.
          D:\Program Files (x86)\Microsoft Visual Studio 12.0\VC\include\stdio.h(211) : 参见“fopen”的声明
d:\fastdpm-2015-nov\fastdpm-2014-may\FastDPM.h(14): warning C4251: “FastDPM::detections”: class“std::vector<PM_type::FLOATS_7,std::allocator<_Ty>>”需要有 dll 接口由 class“FastDPM”的客户端使用
          with
          [
              _Ty=PM_type::FLOATS_7
          ]
d:\fastdpm-2015-nov\fastdpm-2014-may\FastDPM.h(28): warning C4251: “FastDPM::img_color”: class“cv::Mat”需要有 dll 接口由 class“FastDPM”的客户端使用
          D:\opencv2413\opencv\build\include\opencv2/core/core.hpp(1709) : 参见“cv::Mat”的声明
  yuStdDirFiles_标准库目录操作.cpp
yuStdDirFiles_标准库目录操作.cpp(77): warning C4267: “初始化”: 从“size_t”转换到“int”，可能丢失数据
yuStdDirFiles_标准库目录操作.cpp(164): warning C4267: “初始化”: 从“size_t”转换到“unsigned int”，可能丢失数据
yuStdDirFiles_标准库目录操作.cpp(175): warning C4267: “初始化”: 从“size_t”转换到“unsigned int”，可能丢失数据
yuStdDirFiles_标准库目录操作.cpp(188): warning C4267: “初始化”: 从“size_t”转换到“int”，可能丢失数据
yuStdDirFiles_标准库目录操作.cpp(246): warning C4996: 'fopen': This function or variable may be unsafe. Consider using fopen_s instead. To disable deprecation, use _CRT_SECURE_NO_WARNINGS. See online help for details.
          D:\Program Files (x86)\Microsoft Visual Studio 12.0\VC\include\stdio.h(211) : 参见“fopen”的声明
yuStdDirFiles_标准库目录操作.cpp(247): warning C4996: 'fopen': This function or variable may be unsafe. Consider using fopen_s instead. To disable deprecation, use _CRT_SECURE_NO_WARNINGS. See online help for details.
          D:\Program Files (x86)\Microsoft Visual Studio 12.0\VC\include\stdio.h(211) : 参见“fopen”的声明
  cvPrint.cpp
d:\opencv2413\opencv\build\include\opencv2\flann\logger.h(66): warning C4996: 'fopen': This function or variable may be unsafe. Consider using fopen_s instead. To disable deprecation, use _CRT_SECURE_NO_WARNINGS. See online help for details.
          D:\Program Files (x86)\Microsoft Visual Studio 12.0\VC\include\stdio.h(211) : 参见“fopen”的声明
  getCurrentTime.cpp
d:\opencv2413\opencv\build\include\opencv2\flann\logger.h(66): warning C4996: 'fopen': This function or variable may be unsafe. Consider using fopen_s instead. To disable deprecation, use _CRT_SECURE_NO_WARNINGS. See online help for details.
          D:\Program Files (x86)\Microsoft Visual Studio 12.0\VC\include\stdio.h(211) : 参见“fopen”的声明
  yuSaveMat.cpp
d:\opencv2413\opencv\build\include\opencv2\flann\logger.h(66): warning C4996: 'fopen': This function or variable may be unsafe. Consider using fopen_s instead. To disable deprecation, use _CRT_SECURE_NO_WARNINGS. See online help for details.
          D:\Program Files (x86)\Microsoft Visual Studio 12.0\VC\include\stdio.h(211) : 参见“fopen”的声明
  analyze_model.cpp
d:\opencv2413\opencv\build\include\opencv2\flann\logger.h(66): warning C4996: 'fopen': This function or variable may be unsafe. Consider using fopen_s instead. To disable deprecation, use _CRT_SECURE_NO_WARNINGS. See online help for details.
          D:\Program Files (x86)\Microsoft Visual Studio 12.0\VC\include\stdio.h(211) : 参见“fopen”的声明
funs\analyze_model.cpp(11): warning C4267: “初始化”: 从“size_t”转换到“int”，可能丢失数据
funs\analyze_model.cpp(16): warning C4267: “=”: 从“size_t”转换到“int”，可能丢失数据
funs\analyze_model.cpp(52): warning C4267: “初始化”: 从“size_t”转换到“int”，可能丢失数据
funs\analyze_model.cpp(69): warning C4267: “初始化”: 从“size_t”转换到“int”，可能丢失数据
  apply_rules.cpp
d:\opencv2413\opencv\build\include\opencv2\flann\logger.h(66): warning C4996: 'fopen': This function or variable may be unsafe. Consider using fopen_s instead. To disable deprecation, use _CRT_SECURE_NO_WARNINGS. See online help for details.
          D:\Program Files (x86)\Microsoft Visual Studio 12.0\VC\include\stdio.h(211) : 参见“fopen”的声明
  apply_rules2.cpp
d:\opencv2413\opencv\build\include\opencv2\flann\logger.h(66): warning C4996: 'fopen': This function or variable may be unsafe. Consider using fopen_s instead. To disable deprecation, use _CRT_SECURE_NO_WARNINGS. See online help for details.
          D:\Program Files (x86)\Microsoft Visual Studio 12.0\VC\include\stdio.h(211) : 参见“fopen”的声明
funs\apply_rules2.cpp(84): warning C4267: “初始化”: 从“size_t”转换到“int”，可能丢失数据
  apply_rules3.cpp
d:\opencv2413\opencv\build\include\opencv2\flann\logger.h(66): warning C4996: 'fopen': This function or variable may be unsafe. Consider using fopen_s instead. To disable deprecation, use _CRT_SECURE_NO_WARNINGS. See online help for details.
          D:\Program Files (x86)\Microsoft Visual Studio 12.0\VC\include\stdio.h(211) : 参见“fopen”的声明
funs\apply_rules3.cpp(111): warning C4267: “初始化”: 从“size_t”转换到“const int”，可能丢失数据
funs\apply_rules3.cpp(120): warning C4267: “初始化”: 从“size_t”转换到“const int”，可能丢失数据
  bboxpred_get.cpp
d:\opencv2413\opencv\build\include\opencv2\flann\logger.h(66): warning C4996: 'fopen': This function or variable may be unsafe. Consider using fopen_s instead. To disable deprecation, use _CRT_SECURE_NO_WARNINGS. See online help for details.
          D:\Program Files (x86)\Microsoft Visual Studio 12.0\VC\include\stdio.h(211) : 参见“fopen”的声明
funs\bboxpred_get.cpp(20): warning C4267: “初始化”: 从“size_t”转换到“int”，可能丢失数据
funs\bboxpred_get.cpp(38): warning C4267: “参数”: 从“size_t”转换到“int”，可能丢失数据
funs\bboxpred_get.cpp(41): warning C4267: “参数”: 从“size_t”转换到“int”，可能丢失数据
funs\bboxpred_get.cpp(54): warning C4267: “参数”: 从“size_t”转换到“int”，可能丢失数据
funs\bboxpred_get.cpp(55): warning C4267: “+=”: 从“size_t”转换到“int”，可能丢失数据
  bboxpred_input.cpp
d:\opencv2413\opencv\build\include\opencv2\flann\logger.h(66): warning C4996: 'fopen': This function or variable may be unsafe. Consider using fopen_s instead. To disable deprecation, use _CRT_SECURE_NO_WARNINGS. See online help for details.
          D:\Program Files (x86)\Microsoft Visual Studio 12.0\VC\include\stdio.h(211) : 参见“fopen”的声明
  bounded_dt.cpp
d:\opencv2413\opencv\build\include\opencv2\flann\logger.h(66): warning C4996: 'fopen': This function or variable may be unsafe. Consider using fopen_s instead. To disable deprecation, use _CRT_SECURE_NO_WARNINGS. See online help for details.
          D:\Program Files (x86)\Microsoft Visual Studio 12.0\VC\include\stdio.h(211) : 参见“fopen”的声明
funs\bounded_dt.cpp(61): warning C4267: “初始化”: 从“size_t”转换到“int”，可能丢失数据
funs\bounded_dt.cpp(62): warning C4267: “初始化”: 从“size_t”转换到“int”，可能丢失数据
funs\bounded_dt.cpp(63): warning C4267: “初始化”: 从“size_t”转换到“int”，可能丢失数据
funs\bounded_dt.cpp(64): warning C4267: “初始化”: 从“size_t”转换到“int”，可能丢失数据
funs\bounded_dt.cpp(65): warning C4267: “初始化”: 从“size_t”转换到“int”，可能丢失数据
funs\bounded_dt.cpp(66): warning C4267: “初始化”: 从“size_t”转换到“int”，可能丢失数据
  bounded_dt2.cpp
d:\opencv2413\opencv\build\include\opencv2\flann\logger.h(66): warning C4996: 'fopen': This function or variable may be unsafe. Consider using fopen_s instead. To disable deprecation, use _CRT_SECURE_NO_WARNINGS. See online help for details.
          D:\Program Files (x86)\Microsoft Visual Studio 12.0\VC\include\stdio.h(211) : 参见“fopen”的声明
funs\bounded_dt2.cpp(58): warning C4267: “初始化”: 从“size_t”转换到“int”，可能丢失数据
funs\bounded_dt2.cpp(59): warning C4267: “初始化”: 从“size_t”转换到“int”，可能丢失数据
funs\bounded_dt2.cpp(60): warning C4267: “初始化”: 从“size_t”转换到“int”，可能丢失数据
funs\bounded_dt2.cpp(61): warning C4267: “初始化”: 从“size_t”转换到“int”，可能丢失数据
funs\bounded_dt2.cpp(62): warning C4267: “初始化”: 从“size_t”转换到“int”，可能丢失数据
funs\bounded_dt2.cpp(63): warning C4267: “初始化”: 从“size_t”转换到“int”，可能丢失数据
  clipboxes.cpp
d:\opencv2413\opencv\build\include\opencv2\flann\logger.h(66): warning C4996: 'fopen': This function or variable may be unsafe. Consider using fopen_s instead. To disable deprecation, use _CRT_SECURE_NO_WARNINGS. See online help for details.
          D:\Program Files (x86)\Microsoft Visual Studio 12.0\VC\include\stdio.h(211) : 参见“fopen”的声明
  cvPermutate.cpp
d:\opencv2413\opencv\build\include\opencv2\flann\logger.h(66): warning C4996: 'fopen': This function or variable may be unsafe. Consider using fopen_s instead. To disable deprecation, use _CRT_SECURE_NO_WARNINGS. See online help for details.
          D:\Program Files (x86)\Microsoft Visual Studio 12.0\VC\include\stdio.h(211) : 参见“fopen”的声明
  detections_trees2.cpp
d:\opencv2413\opencv\build\include\opencv2\flann\logger.h(66): warning C4996: 'fopen': This function or variable may be unsafe. Consider using fopen_s instead. To disable deprecation, use _CRT_SECURE_NO_WARNINGS. See online help for details.
          D:\Program Files (x86)\Microsoft Visual Studio 12.0\VC\include\stdio.h(211) : 参见“fopen”的声明
funs\detections_trees2.cpp(8): warning C4267: “初始化”: 从“size_t”转换到“int”，可能丢失数据
  draw_img.cpp
d:\opencv2413\opencv\build\include\opencv2\flann\logger.h(66): warning C4996: 'fopen': This function or variable may be unsafe. Consider using fopen_s instead. To disable deprecation, use _CRT_SECURE_NO_WARNINGS. See online help for details.
          D:\Program Files (x86)\Microsoft Visual Studio 12.0\VC\include\stdio.h(211) : 参见“fopen”的声明
funs\draw_img.cpp(44): warning C4267: “参数”: 从“size_t”转换到“int”，可能丢失数据
  fconv.cpp
d:\opencv2413\opencv\build\include\opencv2\flann\logger.h(66): warning C4996: 'fopen': This function or variable may be unsafe. Consider using fopen_s instead. To disable deprecation, use _CRT_SECURE_NO_WARNINGS. See online help for details.
          D:\Program Files (x86)\Microsoft Visual Studio 12.0\VC\include\stdio.h(211) : 参见“fopen”的声明
funs\fconv.cpp(27): warning C4267: “初始化”: 从“size_t”转换到“int”，可能丢失数据
funs\fconv.cpp(52): warning C4267: “初始化”: 从“size_t”转换到“int”，可能丢失数据
  正在编译...
  featpyramid.cpp
d:\opencv2413\opencv\build\include\opencv2\flann\logger.h(66): warning C4996: 'fopen': This function or variable may be unsafe. Consider using fopen_s instead. To disable deprecation, use _CRT_SECURE_NO_WARNINGS. See online help for details.
          D:\Program Files (x86)\Microsoft Visual Studio 12.0\VC\include\stdio.h(211) : 参见“fopen”的声明
funs\featpyramid.cpp(110): warning C4267: “=”: 从“size_t”转换到“int”，可能丢失数据
  featpyramid2.cpp
d:\opencv2413\opencv\build\include\opencv2\flann\logger.h(66): warning C4996: 'fopen': This function or variable may be unsafe. Consider using fopen_s instead. To disable deprecation, use _CRT_SECURE_NO_WARNINGS. See online help for details.
          D:\Program Files (x86)\Microsoft Visual Studio 12.0\VC\include\stdio.h(211) : 参见“fopen”的声明
funs\featpyramid2.cpp(87): warning C4267: “=”: 从“size_t”转换到“int”，可能丢失数据
  features.cpp
d:\opencv2413\opencv\build\include\opencv2\flann\logger.h(66): warning C4996: 'fopen': This function or variable may be unsafe. Consider using fopen_s instead. To disable deprecation, use _CRT_SECURE_NO_WARNINGS. See online help for details.
          D:\Program Files (x86)\Microsoft Visual Studio 12.0\VC\include\stdio.h(211) : 参见“fopen”的声明
funs\features.cpp(48): warning C4267: “=”: 从“size_t”转换到“int”，可能丢失数据
funs\features.cpp(137): warning C4267: “初始化”: 从“size_t”转换到“const int”，可能丢失数据
funs\features.cpp(146): warning C4267: “=”: 从“size_t”转换到“int”，可能丢失数据
funs\features.cpp(152): warning C4267: “初始化”: 从“size_t”转换到“const int”，可能丢失数据
funs\features.cpp(178): warning C4267: “初始化”: 从“size_t”转换到“const int”，可能丢失数据
  features14_2.cpp
d:\opencv2413\opencv\build\include\opencv2\flann\logger.h(66): warning C4996: 'fopen': This function or variable may be unsafe. Consider using fopen_s instead. To disable deprecation, use _CRT_SECURE_NO_WARNINGS. See online help for details.
          D:\Program Files (x86)\Microsoft Visual Studio 12.0\VC\include\stdio.h(211) : 参见“fopen”的声明
funs\features14_2.cpp(93): warning C4267: “=”: 从“size_t”转换到“int”，可能丢失数据
funs\features14_2.cpp(187): warning C4267: “初始化”: 从“size_t”转换到“const int”，可能丢失数据
funs\features14_2.cpp(194): warning C4267: “初始化”: 从“size_t”转换到“const int”，可能丢失数据
funs\features14_2.cpp(220): warning C4267: “初始化”: 从“size_t”转换到“const int”，可能丢失数据
  flipfeat.cpp
d:\opencv2413\opencv\build\include\opencv2\flann\logger.h(66): warning C4996: 'fopen': This function or variable may be unsafe. Consider using fopen_s instead. To disable deprecation, use _CRT_SECURE_NO_WARNINGS. See online help for details.
          D:\Program Files (x86)\Microsoft Visual Studio 12.0\VC\include\stdio.h(211) : 参见“fopen”的声明
funs\flipfeat.cpp(30): warning C4267: “=”: 从“size_t”转换到“int”，可能丢失数据
  get_score_size.cpp
d:\opencv2413\opencv\build\include\opencv2\flann\logger.h(66): warning C4996: 'fopen': This function or variable may be unsafe. Consider using fopen_s instead. To disable deprecation, use _CRT_SECURE_NO_WARNINGS. See online help for details.
          D:\Program Files (x86)\Microsoft Visual Studio 12.0\VC\include\stdio.h(211) : 参见“fopen”的声明
funs\get_score_size.cpp(7): warning C4267: “初始化”: 从“size_t”转换到“int”，可能丢失数据
funs\get_score_size.cpp(8): warning C4267: “初始化”: 从“size_t”转换到“int”，可能丢失数据
  load_model.cpp
d:\opencv2413\opencv\build\include\opencv2\flann\logger.h(66): warning C4996: 'fopen': This function or variable may be unsafe. Consider using fopen_s instead. To disable deprecation, use _CRT_SECURE_NO_WARNINGS. See online help for details.
          D:\Program Files (x86)\Microsoft Visual Studio 12.0\VC\include\stdio.h(211) : 参见“fopen”的声明
  loc_feat.cpp
d:\opencv2413\opencv\build\include\opencv2\flann\logger.h(66): warning C4996: 'fopen': This function or variable may be unsafe. Consider using fopen_s instead. To disable deprecation, use _CRT_SECURE_NO_WARNINGS. See online help for details.
          D:\Program Files (x86)\Microsoft Visual Studio 12.0\VC\include\stdio.h(211) : 参见“fopen”的声明
  model_get_block.cpp
d:\opencv2413\opencv\build\include\opencv2\flann\logger.h(66): warning C4996: 'fopen': This function or variable may be unsafe. Consider using fopen_s instead. To disable deprecation, use _CRT_SECURE_NO_WARNINGS. See online help for details.
          D:\Program Files (x86)\Microsoft Visual Studio 12.0\VC\include\stdio.h(211) : 参见“fopen”的声明
  nms.cpp
d:\opencv2413\opencv\build\include\opencv2\flann\logger.h(66): warning C4996: 'fopen': This function or variable may be unsafe. Consider using fopen_s instead. To disable deprecation, use _CRT_SECURE_NO_WARNINGS. See online help for details.
          D:\Program Files (x86)\Microsoft Visual Studio 12.0\VC\include\stdio.h(211) : 参见“fopen”的声明
funs\nms.cpp(39): warning C4267: “初始化”: 从“size_t”转换到“int”，可能丢失数据
funs\nms.cpp(73): warning C4267: “参数”: 从“size_t”转换到“int”，可能丢失数据
  parse_detections.cpp
d:\opencv2413\opencv\build\include\opencv2\flann\logger.h(66): warning C4996: 'fopen': This function or variable may be unsafe. Consider using fopen_s instead. To disable deprecation, use _CRT_SECURE_NO_WARNINGS. See online help for details.
          D:\Program Files (x86)\Microsoft Visual Studio 12.0\VC\include\stdio.h(211) : 参见“fopen”的声明
funs\parse_detections.cpp(32): warning C4267: “参数”: 从“size_t”转换到“int”，可能丢失数据
funs\parse_detections.cpp(33): warning C4267: “参数”: 从“size_t”转换到“int”，可能丢失数据
  pDollar_nms.cpp
d:\opencv2413\opencv\build\include\opencv2\flann\logger.h(66): warning C4996: 'fopen': This function or variable may be unsafe. Consider using fopen_s instead. To disable deprecation, use _CRT_SECURE_NO_WARNINGS. See online help for details.
          D:\Program Files (x86)\Microsoft Visual Studio 12.0\VC\include\stdio.h(211) : 参见“fopen”的声明
  reduceboxes.cpp
d:\opencv2413\opencv\build\include\opencv2\flann\logger.h(66): warning C4996: 'fopen': This function or variable may be unsafe. Consider using fopen_s instead. To disable deprecation, use _CRT_SECURE_NO_WARNINGS. See online help for details.
          D:\Program Files (x86)\Microsoft Visual Studio 12.0\VC\include\stdio.h(211) : 参见“fopen”的声明
funs\reduceboxes.cpp(25): warning C4267: “初始化”: 从“size_t”转换到“int”，可能丢失数据
funs\reduceboxes.cpp(43): warning C4267: “参数”: 从“size_t”转换到“int”，可能丢失数据
funs\reduceboxes.cpp(64): warning C4267: “参数”: 从“size_t”转换到“int”，可能丢失数据
  sum_score.cpp
d:\opencv2413\opencv\build\include\opencv2\flann\logger.h(66): warning C4996: 'fopen': This function or variable may be unsafe. Consider using fopen_s instead. To disable deprecation, use _CRT_SECURE_NO_WARNINGS. See online help for details.
          D:\Program Files (x86)\Microsoft Visual Studio 12.0\VC\include\stdio.h(211) : 参见“fopen”的声明
funs\sum_score.cpp(14): warning C4267: “初始化”: 从“size_t”转换到“int”，可能丢失数据
funs\sum_score.cpp(15): warning C4267: “初始化”: 从“size_t”转换到“int”，可能丢失数据
  yuInd2Sub.cpp
d:\opencv2413\opencv\build\include\opencv2\flann\logger.h(66): warning C4996: 'fopen': This function or variable may be unsafe. Consider using fopen_s instead. To disable deprecation, use _CRT_SECURE_NO_WARNINGS. See online help for details.
          D:\Program Files (x86)\Microsoft Visual Studio 12.0\VC\include\stdio.h(211) : 参见“fopen”的声明
     正在创建库 D:\FastDPM-2015-Nov\x64\Release\FastDPM-2014-May.lib 和对象 D:\FastDPM-2015-Nov\x64\Release\FastDPM-2014-May.exp
  正在生成代码
  已完成代码的生成
  FastDPM-2014-May.vcxproj -> D:\FastDPM-2015-Nov\x64\Release\FastDPM-2014-May.exe
